  Скопировано файлов:         1.
  Скопировано файлов:         1.
  Скопировано файлов:         1.
  Скопировано файлов:         1.
  Скопировано файлов:         1.
  Скопировано файлов:         1.
  Подпапка или файл D:\folder\programming\shelfs\programms\100_spichek\x64\Debug Dynamic\resources уже существует.
  D:\folder\programming\shelfs\programms\100_spichek\resources\0.png
  D:\folder\programming\shelfs\programms\100_spichek\resources\1.png
  D:\folder\programming\shelfs\programms\100_spichek\resources\2.png
  D:\folder\programming\shelfs\programms\100_spichek\resources\3.png
  D:\folder\programming\shelfs\programms\100_spichek\resources\4.png
  D:\folder\programming\shelfs\programms\100_spichek\resources\5.png
  D:\folder\programming\shelfs\programms\100_spichek\resources\6.png
  D:\folder\programming\shelfs\programms\100_spichek\resources\7.png
  D:\folder\programming\shelfs\programms\100_spichek\resources\8.png
  D:\folder\programming\shelfs\programms\100_spichek\resources\9.png
  D:\folder\programming\shelfs\programms\100_spichek\resources\ball.wav
  D:\folder\programming\shelfs\programms\100_spichek\resources\bumaga.png
  D:\folder\programming\shelfs\programms\100_spichek\resources\bumplayer.png
  D:\folder\programming\shelfs\programms\100_spichek\resources\Exit.png
  D:\folder\programming\shelfs\programms\100_spichek\resources\fon1.png
  D:\folder\programming\shelfs\programms\100_spichek\resources\fon_menu.png
  D:\folder\programming\shelfs\programms\100_spichek\resources\Inkulinati-Regular.otf
  D:\folder\programming\shelfs\programms\100_spichek\resources\INPUT.png
  D:\folder\programming\shelfs\programms\100_spichek\resources\Knopka.png
  D:\folder\programming\shelfs\programms\100_spichek\resources\kucha1.png
  D:\folder\programming\shelfs\programms\100_spichek\resources\namr_game.png
  D:\folder\programming\shelfs\programms\100_spichek\resources\player1.png
  D:\folder\programming\shelfs\programms\100_spichek\resources\player2.png
  D:\folder\programming\shelfs\programms\100_spichek\resources\sansation.ttf
  D:\folder\programming\shelfs\programms\100_spichek\resources\spichka_1.png
  D:\folder\programming\shelfs\programms\100_spichek\resources\spichka_10.png
  D:\folder\programming\shelfs\programms\100_spichek\resources\spichka_2.png
  D:\folder\programming\shelfs\programms\100_spichek\resources\spichka_3.png
  D:\folder\programming\shelfs\programms\100_spichek\resources\spichka_4.png
  D:\folder\programming\shelfs\programms\100_spichek\resources\spichka_5.png
  D:\folder\programming\shelfs\programms\100_spichek\resources\spichka_6.png
  D:\folder\programming\shelfs\programms\100_spichek\resources\spichka_7.png
  D:\folder\programming\shelfs\programms\100_spichek\resources\spichka_8.png
  D:\folder\programming\shelfs\programms\100_spichek\resources\spichka_9.png
  D:\folder\programming\shelfs\programms\100_spichek\resources\Бумажка.png
  Скопировано файлов:        35.
  main.cpp
D:\folder\programming\shelfs\programms\100_spichek\main.cpp(40,29): warning C4305: аргумент: усечение из "double" в "float"
D:\folder\programming\shelfs\programms\100_spichek\main.cpp(45,29): warning C4305: аргумент: усечение из "double" в "float"
D:\folder\programming\shelfs\programms\100_spichek\main.cpp(50,30): warning C4305: аргумент: усечение из "double" в "float"
D:\folder\programming\shelfs\programms\100_spichek\main.cpp(112,30): warning C4305: аргумент: усечение из "double" в "float"
D:\folder\programming\shelfs\programms\100_spichek\main.cpp(117,37): warning C4305: аргумент: усечение из "double" в "float"
D:\folder\programming\shelfs\programms\100_spichek\main.cpp(122,33): warning C4305: аргумент: усечение из "double" в "float"
D:\folder\programming\shelfs\programms\100_spichek\main.cpp(127,37): warning C4305: аргумент: усечение из "double" в "float"
D:\folder\programming\shelfs\programms\100_spichek\main.cpp(132,34): warning C4305: аргумент: усечение из "double" в "float"
D:\folder\programming\shelfs\programms\100_spichek\main.cpp(137,34): warning C4305: аргумент: усечение из "double" в "float"
  template-sfml2.5.1-win-ping-pong1.vcxproj -> D:\folder\programming\shelfs\programms\100_spichek\x64\Debug Dynamic\100 spichek.exe
